ERROR - 2025-12-02 02:31:48 --> mysqli_sql_exception: Unknown column 'ekskuls.image' in 'field list' in C:\Users\indro\Downloads\codeigniter4-framework-d021b04\codeigniter4-framework-d021b04\system\Database\MySQLi\Connection.php:327
Stack trace:
#0 C:\Users\indro\Downloads\codeigniter4-framework-d021b04\codeigniter4-framework-d021b04\system\Database\MySQLi\Connection.php(327): mysqli->query('SELECT `registr...', 0)
#1 C:\Users\indro\Downloads\codeigniter4-framework-d021b04\codeigniter4-framework-d021b04\system\Database\BaseConnection.php(738): CodeIgniter\Database\MySQLi\Connection->execute('SELECT `registr...')
#2 C:\Users\indro\Downloads\codeigniter4-framework-d021b04\codeigniter4-framework-d021b04\system\Database\BaseConnection.php(652): CodeIgniter\Database\BaseConnection->simpleQuery('SELECT `registr...')
#3 C:\Users\indro\Downloads\codeigniter4-framework-d021b04\codeigniter4-framework-d021b04\system\Database\BaseBuilder.php(1649): CodeIgniter\Database\BaseConnection->query('SELECT `registr...', Array, false)
#4 C:\Users\indro\Downloads\codeigniter4-framework-d021b04\codeigniter4-framework-d021b04\system\Model.php(286): CodeIgniter\Database\BaseBuilder->get()
#5 C:\Users\indro\Downloads\codeigniter4-framework-d021b04\codeigniter4-framework-d021b04\system\BaseModel.php(679): CodeIgniter\Model->doFindAll(0, 0)
#6 C:\Users\indro\Downloads\codeigniter4-framework-d021b04\codeigniter4-framework-d021b04\app\Controllers\DashboardController.php(134): CodeIgniter\BaseModel->findAll()
#7 C:\Users\indro\Downloads\codeigniter4-framework-d021b04\codeigniter4-framework-d021b04\app\Controllers\DashboardController.php(45): App\Controllers\DashboardController->siswaDashboard()
#8 C:\Users\indro\Downloads\codeigniter4-framework-d021b04\codeigniter4-framework-d021b04\system\CodeIgniter.php(933): App\Controllers\DashboardController->index()
#9 C:\Users\indro\Downloads\codeigniter4-framework-d021b04\codeigniter4-framework-d021b04\system\CodeIgniter.php(507): CodeIgniter\CodeIgniter->runController(Object(App\Controllers\DashboardController))
#10 C:\Users\indro\Downloads\codeigniter4-framework-d021b04\codeigniter4-framework-d021b04\system\CodeIgniter.php(354): CodeIgniter\CodeIgniter->handleRequest(NULL, Object(Config\Cache), false)
#11 C:\Users\indro\Downloads\codeigniter4-framework-d021b04\codeigniter4-framework-d021b04\system\Boot.php(334): CodeIgniter\CodeIgniter->run()
#12 C:\Users\indro\Downloads\codeigniter4-framework-d021b04\codeigniter4-framework-d021b04\system\Boot.php(67): CodeIgniter\Boot::runCodeIgniter(Object(CodeIgniter\CodeIgniter))
#13 C:\Users\indro\Downloads\codeigniter4-framework-d021b04\codeigniter4-framework-d021b04\public\index.php(59): CodeIgniter\Boot::bootWeb(Object(Config\Paths))
#14 C:\Users\indro\Downloads\codeigniter4-framework-d021b04\codeigniter4-framework-d021b04\system\rewrite.php(44): require_once('C:\\Users\\indro\\...')
#15 {main}
CRITICAL - 2025-12-02 02:31:48 --> CodeIgniter\Database\Exceptions\DatabaseException: Unknown column 'ekskuls.image' in 'field list'
[Method: GET, Route: dashboard]
in SYSTEMPATH\Database\BaseConnection.php on line 692.
 1 SYSTEMPATH\Database\BaseBuilder.php(1649): CodeIgniter\Database\BaseConnection->query('SELECT `registrations`.*, `ekskuls`.`title`, `ekskuls`.`description`, `ekskuls`.`image`
FROM `registrations`
JOIN `ekskuls` ON `registrations`.`ekskul_id` = `ekskuls`.`id`
WHERE `registrations`.`user_id` = :registrations.user_id:', [...], false)
 2 SYSTEMPATH\Model.php(286): CodeIgniter\Database\BaseBuilder->get()
 3 SYSTEMPATH\BaseModel.php(679): CodeIgniter\Model->doFindAll(0, 0)
 4 APPPATH\Controllers\DashboardController.php(134): CodeIgniter\BaseModel->findAll()
 5 APPPATH\Controllers\DashboardController.php(45): App\Controllers\DashboardController->siswaDashboard()
 6 SYSTEMPATH\CodeIgniter.php(933): App\Controllers\DashboardController->index()
 7 SYSTEMPATH\CodeIgniter.php(507): CodeIgniter\CodeIgniter->runController(Object(App\Controllers\DashboardController))
 8 SYSTEMPATH\CodeIgniter.php(354): CodeIgniter\CodeIgniter->handleRequest(null, Object(Config\Cache), false)
 9 SYSTEMPATH\Boot.php(334): CodeIgniter\CodeIgniter->run()
10 SYSTEMPATH\Boot.php(67): CodeIgniter\Boot::runCodeIgniter(Object(CodeIgniter\CodeIgniter))
11 FCPATH\index.php(59): CodeIgniter\Boot::bootWeb(Object(Config\Paths))
12 SYSTEMPATH\rewrite.php(44): require_once('C:\\Users\\indro\\Downloads\\codeigniter4-framework-d021b04\\codeigniter4-framework-d021b04\\public\\index.php')
CRITICAL - 2025-12-02 02:31:48 --> [Caused by] CodeIgniter\Database\Exceptions\DatabaseException: Unknown column 'ekskuls.image' in 'field list'
in SYSTEMPATH\Database\MySQLi\Connection.php on line 332.
 1 SYSTEMPATH\Database\BaseConnection.php(738): CodeIgniter\Database\MySQLi\Connection->execute('SELECT `registrations`.*, `ekskuls`.`title`, `ekskuls`.`description`, `ekskuls`.`image`
FROM `registrations`
JOIN `ekskuls` ON `registrations`.`ekskul_id` = `ekskuls`.`id`
WHERE `registrations`.`user_id` = \'3\'')
 2 SYSTEMPATH\Database\BaseConnection.php(652): CodeIgniter\Database\BaseConnection->simpleQuery('SELECT `registrations`.*, `ekskuls`.`title`, `ekskuls`.`description`, `ekskuls`.`image`
FROM `registrations`
JOIN `ekskuls` ON `registrations`.`ekskul_id` = `ekskuls`.`id`
WHERE `registrations`.`user_id` = \'3\'')
 3 SYSTEMPATH\Database\BaseBuilder.php(1649): CodeIgniter\Database\BaseConnection->query('SELECT `registrations`.*, `ekskuls`.`title`, `ekskuls`.`description`, `ekskuls`.`image`
FROM `registrations`
JOIN `ekskuls` ON `registrations`.`ekskul_id` = `ekskuls`.`id`
WHERE `registrations`.`user_id` = :registrations.user_id:', [...], false)
 4 SYSTEMPATH\Model.php(286): CodeIgniter\Database\BaseBuilder->get()
 5 SYSTEMPATH\BaseModel.php(679): CodeIgniter\Model->doFindAll(0, 0)
 6 APPPATH\Controllers\DashboardController.php(134): CodeIgniter\BaseModel->findAll()
 7 APPPATH\Controllers\DashboardController.php(45): App\Controllers\DashboardController->siswaDashboard()
 8 SYSTEMPATH\CodeIgniter.php(933): App\Controllers\DashboardController->index()
 9 SYSTEMPATH\CodeIgniter.php(507): CodeIgniter\CodeIgniter->runController(Object(App\Controllers\DashboardController))
10 SYSTEMPATH\CodeIgniter.php(354): CodeIgniter\CodeIgniter->handleRequest(null, Object(Config\Cache), false)
11 SYSTEMPATH\Boot.php(334): CodeIgniter\CodeIgniter->run()
12 SYSTEMPATH\Boot.php(67): CodeIgniter\Boot::runCodeIgniter(Object(CodeIgniter\CodeIgniter))
13 FCPATH\index.php(59): CodeIgniter\Boot::bootWeb(Object(Config\Paths))
14 SYSTEMPATH\rewrite.php(44): require_once('C:\\Users\\indro\\Downloads\\codeigniter4-framework-d021b04\\codeigniter4-framework-d021b04\\public\\index.php')
CRITICAL - 2025-12-02 02:31:48 --> [Caused by] mysqli_sql_exception: Unknown column 'ekskuls.image' in 'field list'
in SYSTEMPATH\Database\MySQLi\Connection.php on line 327.
 1 SYSTEMPATH\Database\MySQLi\Connection.php(327): mysqli->query('SELECT `registrations`.*, `ekskuls`.`title`, `ekskuls`.`description`, `ekskuls`.`image`
FROM `registrations`
JOIN `ekskuls` ON `registrations`.`ekskul_id` = `ekskuls`.`id`
WHERE `registrations`.`user_id` = \'3\'', 0)
 2 SYSTEMPATH\Database\BaseConnection.php(738): CodeIgniter\Database\MySQLi\Connection->execute('SELECT `registrations`.*, `ekskuls`.`title`, `ekskuls`.`description`, `ekskuls`.`image`
FROM `registrations`
JOIN `ekskuls` ON `registrations`.`ekskul_id` = `ekskuls`.`id`
WHERE `registrations`.`user_id` = \'3\'')
 3 SYSTEMPATH\Database\BaseConnection.php(652): CodeIgniter\Database\BaseConnection->simpleQuery('SELECT `registrations`.*, `ekskuls`.`title`, `ekskuls`.`description`, `ekskuls`.`image`
FROM `registrations`
JOIN `ekskuls` ON `registrations`.`ekskul_id` = `ekskuls`.`id`
WHERE `registrations`.`user_id` = \'3\'')
 4 SYSTEMPATH\Database\BaseBuilder.php(1649): CodeIgniter\Database\BaseConnection->query('SELECT `registrations`.*, `ekskuls`.`title`, `ekskuls`.`description`, `ekskuls`.`image`
FROM `registrations`
JOIN `ekskuls` ON `registrations`.`ekskul_id` = `ekskuls`.`id`
WHERE `registrations`.`user_id` = :registrations.user_id:', [...], false)
 5 SYSTEMPATH\Model.php(286): CodeIgniter\Database\BaseBuilder->get()
 6 SYSTEMPATH\BaseModel.php(679): CodeIgniter\Model->doFindAll(0, 0)
 7 APPPATH\Controllers\DashboardController.php(134): CodeIgniter\BaseModel->findAll()
 8 APPPATH\Controllers\DashboardController.php(45): App\Controllers\DashboardController->siswaDashboard()
 9 SYSTEMPATH\CodeIgniter.php(933): App\Controllers\DashboardController->index()
10 SYSTEMPATH\CodeIgniter.php(507): CodeIgniter\CodeIgniter->runController(Object(App\Controllers\DashboardController))
11 SYSTEMPATH\CodeIgniter.php(354): CodeIgniter\CodeIgniter->handleRequest(null, Object(Config\Cache), false)
12 SYSTEMPATH\Boot.php(334): CodeIgniter\CodeIgniter->run()
13 SYSTEMPATH\Boot.php(67): CodeIgniter\Boot::runCodeIgniter(Object(CodeIgniter\CodeIgniter))
14 FCPATH\index.php(59): CodeIgniter\Boot::bootWeb(Object(Config\Paths))
15 SYSTEMPATH\rewrite.php(44): require_once('C:\\Users\\indro\\Downloads\\codeigniter4-framework-d021b04\\codeigniter4-framework-d021b04\\public\\index.php')
CRITICAL - 2025-12-02 02:32:06 --> CodeIgniter\Security\Exceptions\SecurityException: The action you requested is not allowed.
[Method: POST, Route: profile/test-whatsapp]
in SYSTEMPATH\Security\Security.php on line 262.
 1 SYSTEMPATH\Security\Security.php(262): CodeIgniter\Security\Exceptions\SecurityException::forDisallowedAction()
 2 SYSTEMPATH\Filters\CSRF.php(52): CodeIgniter\Security\Security->verify(Object(CodeIgniter\HTTP\IncomingRequest))
 3 SYSTEMPATH\Filters\Filters.php(241): CodeIgniter\Filters\CSRF->before(Object(CodeIgniter\HTTP\IncomingRequest), null)
 4 SYSTEMPATH\Filters\Filters.php(221): CodeIgniter\Filters\Filters->runBefore([...])
 5 SYSTEMPATH\CodeIgniter.php(479): CodeIgniter\Filters\Filters->run('profile/test-whatsapp', 'before')
 6 SYSTEMPATH\CodeIgniter.php(354): CodeIgniter\CodeIgniter->handleRequest(null, Object(Config\Cache), false)
 7 SYSTEMPATH\Boot.php(334): CodeIgniter\CodeIgniter->run()
 8 SYSTEMPATH\Boot.php(67): CodeIgniter\Boot::runCodeIgniter(Object(CodeIgniter\CodeIgniter))
 9 FCPATH\index.php(59): CodeIgniter\Boot::bootWeb(Object(Config\Paths))
10 SYSTEMPATH\rewrite.php(44): require_once('C:\\Users\\indro\\Downloads\\codeigniter4-framework-d021b04\\codeigniter4-framework-d021b04\\public\\index.php')
CRITICAL - 2025-12-02 02:32:10 --> CodeIgniter\Security\Exceptions\SecurityException: The action you requested is not allowed.
[Method: POST, Route: profile/test-whatsapp]
in SYSTEMPATH\Security\Security.php on line 262.
 1 SYSTEMPATH\Security\Security.php(262): CodeIgniter\Security\Exceptions\SecurityException::forDisallowedAction()
 2 SYSTEMPATH\Filters\CSRF.php(52): CodeIgniter\Security\Security->verify(Object(CodeIgniter\HTTP\IncomingRequest))
 3 SYSTEMPATH\Filters\Filters.php(241): CodeIgniter\Filters\CSRF->before(Object(CodeIgniter\HTTP\IncomingRequest), null)
 4 SYSTEMPATH\Filters\Filters.php(221): CodeIgniter\Filters\Filters->runBefore([...])
 5 SYSTEMPATH\CodeIgniter.php(479): CodeIgniter\Filters\Filters->run('profile/test-whatsapp', 'before')
 6 SYSTEMPATH\CodeIgniter.php(354): CodeIgniter\CodeIgniter->handleRequest(null, Object(Config\Cache), false)
 7 SYSTEMPATH\Boot.php(334): CodeIgniter\CodeIgniter->run()
 8 SYSTEMPATH\Boot.php(67): CodeIgniter\Boot::runCodeIgniter(Object(CodeIgniter\CodeIgniter))
 9 FCPATH\index.php(59): CodeIgniter\Boot::bootWeb(Object(Config\Paths))
10 SYSTEMPATH\rewrite.php(44): require_once('C:\\Users\\indro\\Downloads\\codeigniter4-framework-d021b04\\codeigniter4-framework-d021b04\\public\\index.php')
CRITICAL - 2025-12-02 02:32:18 --> CodeIgniter\Security\Exceptions\SecurityException: The action you requested is not allowed.
[Method: POST, Route: profile/test-whatsapp]
in SYSTEMPATH\Security\Security.php on line 262.
 1 SYSTEMPATH\Security\Security.php(262): CodeIgniter\Security\Exceptions\SecurityException::forDisallowedAction()
 2 SYSTEMPATH\Filters\CSRF.php(52): CodeIgniter\Security\Security->verify(Object(CodeIgniter\HTTP\IncomingRequest))
 3 SYSTEMPATH\Filters\Filters.php(241): CodeIgniter\Filters\CSRF->before(Object(CodeIgniter\HTTP\IncomingRequest), null)
 4 SYSTEMPATH\Filters\Filters.php(221): CodeIgniter\Filters\Filters->runBefore([...])
 5 SYSTEMPATH\CodeIgniter.php(479): CodeIgniter\Filters\Filters->run('profile/test-whatsapp', 'before')
 6 SYSTEMPATH\CodeIgniter.php(354): CodeIgniter\CodeIgniter->handleRequest(null, Object(Config\Cache), false)
 7 SYSTEMPATH\Boot.php(334): CodeIgniter\CodeIgniter->run()
 8 SYSTEMPATH\Boot.php(67): CodeIgniter\Boot::runCodeIgniter(Object(CodeIgniter\CodeIgniter))
 9 FCPATH\index.php(59): CodeIgniter\Boot::bootWeb(Object(Config\Paths))
10 SYSTEMPATH\rewrite.php(44): require_once('C:\\Users\\indro\\Downloads\\codeigniter4-framework-d021b04\\codeigniter4-framework-d021b04\\public\\index.php')
CRITICAL - 2025-12-02 02:32:21 --> CodeIgniter\Security\Exceptions\SecurityException: The action you requested is not allowed.
[Method: POST, Route: profile/test-email]
in SYSTEMPATH\Security\Security.php on line 262.
 1 SYSTEMPATH\Security\Security.php(262): CodeIgniter\Security\Exceptions\SecurityException::forDisallowedAction()
 2 SYSTEMPATH\Filters\CSRF.php(52): CodeIgniter\Security\Security->verify(Object(CodeIgniter\HTTP\IncomingRequest))
 3 SYSTEMPATH\Filters\Filters.php(241): CodeIgniter\Filters\CSRF->before(Object(CodeIgniter\HTTP\IncomingRequest), null)
 4 SYSTEMPATH\Filters\Filters.php(221): CodeIgniter\Filters\Filters->runBefore([...])
 5 SYSTEMPATH\CodeIgniter.php(479): CodeIgniter\Filters\Filters->run('profile/test-email', 'before')
 6 SYSTEMPATH\CodeIgniter.php(354): CodeIgniter\CodeIgniter->handleRequest(null, Object(Config\Cache), false)
 7 SYSTEMPATH\Boot.php(334): CodeIgniter\CodeIgniter->run()
 8 SYSTEMPATH\Boot.php(67): CodeIgniter\Boot::runCodeIgniter(Object(CodeIgniter\CodeIgniter))
 9 FCPATH\index.php(59): CodeIgniter\Boot::bootWeb(Object(Config\Paths))
10 SYSTEMPATH\rewrite.php(44): require_once('C:\\Users\\indro\\Downloads\\codeigniter4-framework-d021b04\\codeigniter4-framework-d021b04\\public\\index.php')
ERROR - 2025-12-02 02:32:29 --> mysqli_sql_exception: Unknown column 'phone_number' in 'field list' in C:\Users\indro\Downloads\codeigniter4-framework-d021b04\codeigniter4-framework-d021b04\system\Database\MySQLi\Connection.php:327
Stack trace:
#0 C:\Users\indro\Downloads\codeigniter4-framework-d021b04\codeigniter4-framework-d021b04\system\Database\MySQLi\Connection.php(327): mysqli->query('UPDATE `users` ...', 0)
#1 C:\Users\indro\Downloads\codeigniter4-framework-d021b04\codeigniter4-framework-d021b04\system\Database\BaseConnection.php(738): CodeIgniter\Database\MySQLi\Connection->execute('UPDATE `users` ...')
#2 C:\Users\indro\Downloads\codeigniter4-framework-d021b04\codeigniter4-framework-d021b04\system\Database\BaseConnection.php(652): CodeIgniter\Database\BaseConnection->simpleQuery('UPDATE `users` ...')
#3 C:\Users\indro\Downloads\codeigniter4-framework-d021b04\codeigniter4-framework-d021b04\system\Database\BaseBuilder.php(2521): CodeIgniter\Database\BaseConnection->query('UPDATE `users` ...', Array, false)
#4 C:\Users\indro\Downloads\codeigniter4-framework-d021b04\codeigniter4-framework-d021b04\system\Model.php(461): CodeIgniter\Database\BaseBuilder->update()
#5 C:\Users\indro\Downloads\codeigniter4-framework-d021b04\codeigniter4-framework-d021b04\system\BaseModel.php(1031): CodeIgniter\Model->doUpdate(Array, Array)
#6 C:\Users\indro\Downloads\codeigniter4-framework-d021b04\codeigniter4-framework-d021b04\system\Model.php(863): CodeIgniter\BaseModel->update(Array, Array)
#7 C:\Users\indro\Downloads\codeigniter4-framework-d021b04\codeigniter4-framework-d021b04\app\Controllers\ProfileController.php(57): CodeIgniter\Model->update('3', Array)
#8 C:\Users\indro\Downloads\codeigniter4-framework-d021b04\codeigniter4-framework-d021b04\system\CodeIgniter.php(933): App\Controllers\ProfileController->updateNotificationSettings()
#9 C:\Users\indro\Downloads\codeigniter4-framework-d021b04\codeigniter4-framework-d021b04\system\CodeIgniter.php(507): CodeIgniter\CodeIgniter->runController(Object(App\Controllers\ProfileController))
#10 C:\Users\indro\Downloads\codeigniter4-framework-d021b04\codeigniter4-framework-d021b04\system\CodeIgniter.php(354): CodeIgniter\CodeIgniter->handleRequest(NULL, Object(Config\Cache), false)
#11 C:\Users\indro\Downloads\codeigniter4-framework-d021b04\codeigniter4-framework-d021b04\system\Boot.php(334): CodeIgniter\CodeIgniter->run()
#12 C:\Users\indro\Downloads\codeigniter4-framework-d021b04\codeigniter4-framework-d021b04\system\Boot.php(67): CodeIgniter\Boot::runCodeIgniter(Object(CodeIgniter\CodeIgniter))
#13 C:\Users\indro\Downloads\codeigniter4-framework-d021b04\codeigniter4-framework-d021b04\public\index.php(59): CodeIgniter\Boot::bootWeb(Object(Config\Paths))
#14 C:\Users\indro\Downloads\codeigniter4-framework-d021b04\codeigniter4-framework-d021b04\system\rewrite.php(44): require_once('C:\\Users\\indro\\...')
#15 {main}
ERROR - 2025-12-02 02:32:29 --> Update settings error: Unknown column 'phone_number' in 'field list'
ERROR - 2025-12-02 02:33:30 --> mysqli_sql_exception: Duplicate entry 'admin1' for key 'username' in C:\Users\indro\Downloads\codeigniter4-framework-d021b04\codeigniter4-framework-d021b04\system\Database\MySQLi\Connection.php:327
Stack trace:
#0 C:\Users\indro\Downloads\codeigniter4-framework-d021b04\codeigniter4-framework-d021b04\system\Database\MySQLi\Connection.php(327): mysqli->query('INSERT INTO `us...', 0)
#1 C:\Users\indro\Downloads\codeigniter4-framework-d021b04\codeigniter4-framework-d021b04\system\Database\BaseConnection.php(738): CodeIgniter\Database\MySQLi\Connection->execute('INSERT INTO `us...')
#2 C:\Users\indro\Downloads\codeigniter4-framework-d021b04\codeigniter4-framework-d021b04\system\Database\BaseConnection.php(652): CodeIgniter\Database\BaseConnection->simpleQuery('INSERT INTO `us...')
#3 C:\Users\indro\Downloads\codeigniter4-framework-d021b04\codeigniter4-framework-d021b04\system\Database\BaseBuilder.php(2345): CodeIgniter\Database\BaseConnection->query('INSERT INTO `us...', Array, false)
#4 C:\Users\indro\Downloads\codeigniter4-framework-d021b04\codeigniter4-framework-d021b04\system\Model.php(394): CodeIgniter\Database\BaseBuilder->insert()
#5 C:\Users\indro\Downloads\codeigniter4-framework-d021b04\codeigniter4-framework-d021b04\system\BaseModel.php(843): CodeIgniter\Model->doInsert(Array)
#6 C:\Users\indro\Downloads\codeigniter4-framework-d021b04\codeigniter4-framework-d021b04\system\Model.php(800): CodeIgniter\BaseModel->insert(Array, true)
#7 C:\Users\indro\Downloads\codeigniter4-framework-d021b04\codeigniter4-framework-d021b04\app\Controllers\AuthController.php(89): CodeIgniter\Model->insert(Array)
#8 C:\Users\indro\Downloads\codeigniter4-framework-d021b04\codeigniter4-framework-d021b04\system\CodeIgniter.php(933): App\Controllers\AuthController->registerPost()
#9 C:\Users\indro\Downloads\codeigniter4-framework-d021b04\codeigniter4-framework-d021b04\system\CodeIgniter.php(507): CodeIgniter\CodeIgniter->runController(Object(App\Controllers\AuthController))
#10 C:\Users\indro\Downloads\codeigniter4-framework-d021b04\codeigniter4-framework-d021b04\system\CodeIgniter.php(354): CodeIgniter\CodeIgniter->handleRequest(NULL, Object(Config\Cache), false)
#11 C:\Users\indro\Downloads\codeigniter4-framework-d021b04\codeigniter4-framework-d021b04\system\Boot.php(334): CodeIgniter\CodeIgniter->run()
#12 C:\Users\indro\Downloads\codeigniter4-framework-d021b04\codeigniter4-framework-d021b04\system\Boot.php(67): CodeIgniter\Boot::runCodeIgniter(Object(CodeIgniter\CodeIgniter))
#13 C:\Users\indro\Downloads\codeigniter4-framework-d021b04\codeigniter4-framework-d021b04\public\index.php(59): CodeIgniter\Boot::bootWeb(Object(Config\Paths))
#14 C:\Users\indro\Downloads\codeigniter4-framework-d021b04\codeigniter4-framework-d021b04\system\rewrite.php(44): require_once('C:\\Users\\indro\\...')
#15 {main}
ERROR - 2025-12-02 02:33:30 --> Registration error: Duplicate entry 'admin1' for key 'username'
ERROR - 2025-12-02 18:14:02 --> mysqli_sql_exception: Unknown column 'ekskuls.image' in 'field list' in C:\Users\indro\Downloads\codeigniter4-framework-d021b04\codeigniter4-framework-d021b04\system\Database\MySQLi\Connection.php:327
Stack trace:
#0 C:\Users\indro\Downloads\codeigniter4-framework-d021b04\codeigniter4-framework-d021b04\system\Database\MySQLi\Connection.php(327): mysqli->query('SELECT `registr...', 0)
#1 C:\Users\indro\Downloads\codeigniter4-framework-d021b04\codeigniter4-framework-d021b04\system\Database\BaseConnection.php(738): CodeIgniter\Database\MySQLi\Connection->execute('SELECT `registr...')
#2 C:\Users\indro\Downloads\codeigniter4-framework-d021b04\codeigniter4-framework-d021b04\system\Database\BaseConnection.php(652): CodeIgniter\Database\BaseConnection->simpleQuery('SELECT `registr...')
#3 C:\Users\indro\Downloads\codeigniter4-framework-d021b04\codeigniter4-framework-d021b04\system\Database\BaseBuilder.php(1649): CodeIgniter\Database\BaseConnection->query('SELECT `registr...', Array, false)
#4 C:\Users\indro\Downloads\codeigniter4-framework-d021b04\codeigniter4-framework-d021b04\system\Model.php(286): CodeIgniter\Database\BaseBuilder->get()
#5 C:\Users\indro\Downloads\codeigniter4-framework-d021b04\codeigniter4-framework-d021b04\system\BaseModel.php(679): CodeIgniter\Model->doFindAll(0, 0)
#6 C:\Users\indro\Downloads\codeigniter4-framework-d021b04\codeigniter4-framework-d021b04\app\Controllers\DashboardController.php(134): CodeIgniter\BaseModel->findAll()
#7 C:\Users\indro\Downloads\codeigniter4-framework-d021b04\codeigniter4-framework-d021b04\app\Controllers\DashboardController.php(45): App\Controllers\DashboardController->siswaDashboard()
#8 C:\Users\indro\Downloads\codeigniter4-framework-d021b04\codeigniter4-framework-d021b04\system\CodeIgniter.php(933): App\Controllers\DashboardController->index()
#9 C:\Users\indro\Downloads\codeigniter4-framework-d021b04\codeigniter4-framework-d021b04\system\CodeIgniter.php(507): CodeIgniter\CodeIgniter->runController(Object(App\Controllers\DashboardController))
#10 C:\Users\indro\Downloads\codeigniter4-framework-d021b04\codeigniter4-framework-d021b04\system\CodeIgniter.php(354): CodeIgniter\CodeIgniter->handleRequest(NULL, Object(Config\Cache), false)
#11 C:\Users\indro\Downloads\codeigniter4-framework-d021b04\codeigniter4-framework-d021b04\system\Boot.php(334): CodeIgniter\CodeIgniter->run()
#12 C:\Users\indro\Downloads\codeigniter4-framework-d021b04\codeigniter4-framework-d021b04\system\Boot.php(67): CodeIgniter\Boot::runCodeIgniter(Object(CodeIgniter\CodeIgniter))
#13 C:\Users\indro\Downloads\codeigniter4-framework-d021b04\codeigniter4-framework-d021b04\public\index.php(59): CodeIgniter\Boot::bootWeb(Object(Config\Paths))
#14 C:\Users\indro\Downloads\codeigniter4-framework-d021b04\codeigniter4-framework-d021b04\system\rewrite.php(44): require_once('C:\\Users\\indro\\...')
#15 {main}
CRITICAL - 2025-12-02 18:14:02 --> CodeIgniter\Database\Exceptions\DatabaseException: Unknown column 'ekskuls.image' in 'field list'
[Method: GET, Route: dashboard]
in SYSTEMPATH\Database\BaseConnection.php on line 692.
 1 SYSTEMPATH\Database\BaseBuilder.php(1649): CodeIgniter\Database\BaseConnection->query('SELECT `registrations`.*, `ekskuls`.`title`, `ekskuls`.`description`, `ekskuls`.`image`
FROM `registrations`
JOIN `ekskuls` ON `registrations`.`ekskul_id` = `ekskuls`.`id`
WHERE `registrations`.`user_id` = :registrations.user_id:', [...], false)
 2 SYSTEMPATH\Model.php(286): CodeIgniter\Database\BaseBuilder->get()
 3 SYSTEMPATH\BaseModel.php(679): CodeIgniter\Model->doFindAll(0, 0)
 4 APPPATH\Controllers\DashboardController.php(134): CodeIgniter\BaseModel->findAll()
 5 APPPATH\Controllers\DashboardController.php(45): App\Controllers\DashboardController->siswaDashboard()
 6 SYSTEMPATH\CodeIgniter.php(933): App\Controllers\DashboardController->index()
 7 SYSTEMPATH\CodeIgniter.php(507): CodeIgniter\CodeIgniter->runController(Object(App\Controllers\DashboardController))
 8 SYSTEMPATH\CodeIgniter.php(354): CodeIgniter\CodeIgniter->handleRequest(null, Object(Config\Cache), false)
 9 SYSTEMPATH\Boot.php(334): CodeIgniter\CodeIgniter->run()
10 SYSTEMPATH\Boot.php(67): CodeIgniter\Boot::runCodeIgniter(Object(CodeIgniter\CodeIgniter))
11 FCPATH\index.php(59): CodeIgniter\Boot::bootWeb(Object(Config\Paths))
12 SYSTEMPATH\rewrite.php(44): require_once('C:\\Users\\indro\\Downloads\\codeigniter4-framework-d021b04\\codeigniter4-framework-d021b04\\public\\index.php')
CRITICAL - 2025-12-02 18:14:02 --> [Caused by] CodeIgniter\Database\Exceptions\DatabaseException: Unknown column 'ekskuls.image' in 'field list'
in SYSTEMPATH\Database\MySQLi\Connection.php on line 332.
 1 SYSTEMPATH\Database\BaseConnection.php(738): CodeIgniter\Database\MySQLi\Connection->execute('SELECT `registrations`.*, `ekskuls`.`title`, `ekskuls`.`description`, `ekskuls`.`image`
FROM `registrations`
JOIN `ekskuls` ON `registrations`.`ekskul_id` = `ekskuls`.`id`
WHERE `registrations`.`user_id` = \'8\'')
 2 SYSTEMPATH\Database\BaseConnection.php(652): CodeIgniter\Database\BaseConnection->simpleQuery('SELECT `registrations`.*, `ekskuls`.`title`, `ekskuls`.`description`, `ekskuls`.`image`
FROM `registrations`
JOIN `ekskuls` ON `registrations`.`ekskul_id` = `ekskuls`.`id`
WHERE `registrations`.`user_id` = \'8\'')
 3 SYSTEMPATH\Database\BaseBuilder.php(1649): CodeIgniter\Database\BaseConnection->query('SELECT `registrations`.*, `ekskuls`.`title`, `ekskuls`.`description`, `ekskuls`.`image`
FROM `registrations`
JOIN `ekskuls` ON `registrations`.`ekskul_id` = `ekskuls`.`id`
WHERE `registrations`.`user_id` = :registrations.user_id:', [...], false)
 4 SYSTEMPATH\Model.php(286): CodeIgniter\Database\BaseBuilder->get()
 5 SYSTEMPATH\BaseModel.php(679): CodeIgniter\Model->doFindAll(0, 0)
 6 APPPATH\Controllers\DashboardController.php(134): CodeIgniter\BaseModel->findAll()
 7 APPPATH\Controllers\DashboardController.php(45): App\Controllers\DashboardController->siswaDashboard()
 8 SYSTEMPATH\CodeIgniter.php(933): App\Controllers\DashboardController->index()
 9 SYSTEMPATH\CodeIgniter.php(507): CodeIgniter\CodeIgniter->runController(Object(App\Controllers\DashboardController))
10 SYSTEMPATH\CodeIgniter.php(354): CodeIgniter\CodeIgniter->handleRequest(null, Object(Config\Cache), false)
11 SYSTEMPATH\Boot.php(334): CodeIgniter\CodeIgniter->run()
12 SYSTEMPATH\Boot.php(67): CodeIgniter\Boot::runCodeIgniter(Object(CodeIgniter\CodeIgniter))
13 FCPATH\index.php(59): CodeIgniter\Boot::bootWeb(Object(Config\Paths))
14 SYSTEMPATH\rewrite.php(44): require_once('C:\\Users\\indro\\Downloads\\codeigniter4-framework-d021b04\\codeigniter4-framework-d021b04\\public\\index.php')
CRITICAL - 2025-12-02 18:14:02 --> [Caused by] mysqli_sql_exception: Unknown column 'ekskuls.image' in 'field list'
in SYSTEMPATH\Database\MySQLi\Connection.php on line 327.
 1 SYSTEMPATH\Database\MySQLi\Connection.php(327): mysqli->query('SELECT `registrations`.*, `ekskuls`.`title`, `ekskuls`.`description`, `ekskuls`.`image`
FROM `registrations`
JOIN `ekskuls` ON `registrations`.`ekskul_id` = `ekskuls`.`id`
WHERE `registrations`.`user_id` = \'8\'', 0)
 2 SYSTEMPATH\Database\BaseConnection.php(738): CodeIgniter\Database\MySQLi\Connection->execute('SELECT `registrations`.*, `ekskuls`.`title`, `ekskuls`.`description`, `ekskuls`.`image`
FROM `registrations`
JOIN `ekskuls` ON `registrations`.`ekskul_id` = `ekskuls`.`id`
WHERE `registrations`.`user_id` = \'8\'')
 3 SYSTEMPATH\Database\BaseConnection.php(652): CodeIgniter\Database\BaseConnection->simpleQuery('SELECT `registrations`.*, `ekskuls`.`title`, `ekskuls`.`description`, `ekskuls`.`image`
FROM `registrations`
JOIN `ekskuls` ON `registrations`.`ekskul_id` = `ekskuls`.`id`
WHERE `registrations`.`user_id` = \'8\'')
 4 SYSTEMPATH\Database\BaseBuilder.php(1649): CodeIgniter\Database\BaseConnection->query('SELECT `registrations`.*, `ekskuls`.`title`, `ekskuls`.`description`, `ekskuls`.`image`
FROM `registrations`
JOIN `ekskuls` ON `registrations`.`ekskul_id` = `ekskuls`.`id`
WHERE `registrations`.`user_id` = :registrations.user_id:', [...], false)
 5 SYSTEMPATH\Model.php(286): CodeIgniter\Database\BaseBuilder->get()
 6 SYSTEMPATH\BaseModel.php(679): CodeIgniter\Model->doFindAll(0, 0)
 7 APPPATH\Controllers\DashboardController.php(134): CodeIgniter\BaseModel->findAll()
 8 APPPATH\Controllers\DashboardController.php(45): App\Controllers\DashboardController->siswaDashboard()
 9 SYSTEMPATH\CodeIgniter.php(933): App\Controllers\DashboardController->index()
10 SYSTEMPATH\CodeIgniter.php(507): CodeIgniter\CodeIgniter->runController(Object(App\Controllers\DashboardController))
11 SYSTEMPATH\CodeIgniter.php(354): CodeIgniter\CodeIgniter->handleRequest(null, Object(Config\Cache), false)
12 SYSTEMPATH\Boot.php(334): CodeIgniter\CodeIgniter->run()
13 SYSTEMPATH\Boot.php(67): CodeIgniter\Boot::runCodeIgniter(Object(CodeIgniter\CodeIgniter))
14 FCPATH\index.php(59): CodeIgniter\Boot::bootWeb(Object(Config\Paths))
15 SYSTEMPATH\rewrite.php(44): require_once('C:\\Users\\indro\\Downloads\\codeigniter4-framework-d021b04\\codeigniter4-framework-d021b04\\public\\index.php')
CRITICAL - 2025-12-02 18:14:16 --> CodeIgniter\Security\Exceptions\SecurityException: The action you requested is not allowed.
[Method: POST, Route: profile/test-email]
in SYSTEMPATH\Security\Security.php on line 262.
 1 SYSTEMPATH\Security\Security.php(262): CodeIgniter\Security\Exceptions\SecurityException::forDisallowedAction()
 2 SYSTEMPATH\Filters\CSRF.php(52): CodeIgniter\Security\Security->verify(Object(CodeIgniter\HTTP\IncomingRequest))
 3 SYSTEMPATH\Filters\Filters.php(241): CodeIgniter\Filters\CSRF->before(Object(CodeIgniter\HTTP\IncomingRequest), null)
 4 SYSTEMPATH\Filters\Filters.php(221): CodeIgniter\Filters\Filters->runBefore([...])
 5 SYSTEMPATH\CodeIgniter.php(479): CodeIgniter\Filters\Filters->run('profile/test-email', 'before')
 6 SYSTEMPATH\CodeIgniter.php(354): CodeIgniter\CodeIgniter->handleRequest(null, Object(Config\Cache), false)
 7 SYSTEMPATH\Boot.php(334): CodeIgniter\CodeIgniter->run()
 8 SYSTEMPATH\Boot.php(67): CodeIgniter\Boot::runCodeIgniter(Object(CodeIgniter\CodeIgniter))
 9 FCPATH\index.php(59): CodeIgniter\Boot::bootWeb(Object(Config\Paths))
10 SYSTEMPATH\rewrite.php(44): require_once('C:\\Users\\indro\\Downloads\\codeigniter4-framework-d021b04\\codeigniter4-framework-d021b04\\public\\index.php')
ERROR - 2025-12-02 18:15:11 --> mysqli_sql_exception: Duplicate entry 'admin' for key 'username' in C:\Users\indro\Downloads\codeigniter4-framework-d021b04\codeigniter4-framework-d021b04\system\Database\MySQLi\Connection.php:327
Stack trace:
#0 C:\Users\indro\Downloads\codeigniter4-framework-d021b04\codeigniter4-framework-d021b04\system\Database\MySQLi\Connection.php(327): mysqli->query('INSERT INTO `us...', 0)
#1 C:\Users\indro\Downloads\codeigniter4-framework-d021b04\codeigniter4-framework-d021b04\system\Database\BaseConnection.php(738): CodeIgniter\Database\MySQLi\Connection->execute('INSERT INTO `us...')
#2 C:\Users\indro\Downloads\codeigniter4-framework-d021b04\codeigniter4-framework-d021b04\system\Database\BaseConnection.php(652): CodeIgniter\Database\BaseConnection->simpleQuery('INSERT INTO `us...')
#3 C:\Users\indro\Downloads\codeigniter4-framework-d021b04\codeigniter4-framework-d021b04\system\Database\BaseBuilder.php(2345): CodeIgniter\Database\BaseConnection->query('INSERT INTO `us...', Array, false)
#4 C:\Users\indro\Downloads\codeigniter4-framework-d021b04\codeigniter4-framework-d021b04\system\Model.php(394): CodeIgniter\Database\BaseBuilder->insert()
#5 C:\Users\indro\Downloads\codeigniter4-framework-d021b04\codeigniter4-framework-d021b04\system\BaseModel.php(843): CodeIgniter\Model->doInsert(Array)
#6 C:\Users\indro\Downloads\codeigniter4-framework-d021b04\codeigniter4-framework-d021b04\system\Model.php(800): CodeIgniter\BaseModel->insert(Array, true)
#7 C:\Users\indro\Downloads\codeigniter4-framework-d021b04\codeigniter4-framework-d021b04\app\Controllers\AuthController.php(89): CodeIgniter\Model->insert(Array)
#8 C:\Users\indro\Downloads\codeigniter4-framework-d021b04\codeigniter4-framework-d021b04\system\CodeIgniter.php(933): App\Controllers\AuthController->registerPost()
#9 C:\Users\indro\Downloads\codeigniter4-framework-d021b04\codeigniter4-framework-d021b04\system\CodeIgniter.php(507): CodeIgniter\CodeIgniter->runController(Object(App\Controllers\AuthController))
#10 C:\Users\indro\Downloads\codeigniter4-framework-d021b04\codeigniter4-framework-d021b04\system\CodeIgniter.php(354): CodeIgniter\CodeIgniter->handleRequest(NULL, Object(Config\Cache), false)
#11 C:\Users\indro\Downloads\codeigniter4-framework-d021b04\codeigniter4-framework-d021b04\system\Boot.php(334): CodeIgniter\CodeIgniter->run()
#12 C:\Users\indro\Downloads\codeigniter4-framework-d021b04\codeigniter4-framework-d021b04\system\Boot.php(67): CodeIgniter\Boot::runCodeIgniter(Object(CodeIgniter\CodeIgniter))
#13 C:\Users\indro\Downloads\codeigniter4-framework-d021b04\codeigniter4-framework-d021b04\public\index.php(59): CodeIgniter\Boot::bootWeb(Object(Config\Paths))
#14 C:\Users\indro\Downloads\codeigniter4-framework-d021b04\codeigniter4-framework-d021b04\system\rewrite.php(44): require_once('C:\\Users\\indro\\...')
#15 {main}
ERROR - 2025-12-02 18:15:11 --> Registration error: Duplicate entry 'admin' for key 'username'
ERROR - 2025-12-02 18:15:34 --> mysqli_sql_exception: Duplicate entry 'admin' for key 'username' in C:\Users\indro\Downloads\codeigniter4-framework-d021b04\codeigniter4-framework-d021b04\system\Database\MySQLi\Connection.php:327
Stack trace:
#0 C:\Users\indro\Downloads\codeigniter4-framework-d021b04\codeigniter4-framework-d021b04\system\Database\MySQLi\Connection.php(327): mysqli->query('INSERT INTO `us...', 0)
#1 C:\Users\indro\Downloads\codeigniter4-framework-d021b04\codeigniter4-framework-d021b04\system\Database\BaseConnection.php(738): CodeIgniter\Database\MySQLi\Connection->execute('INSERT INTO `us...')
#2 C:\Users\indro\Downloads\codeigniter4-framework-d021b04\codeigniter4-framework-d021b04\system\Database\BaseConnection.php(652): CodeIgniter\Database\BaseConnection->simpleQuery('INSERT INTO `us...')
#3 C:\Users\indro\Downloads\codeigniter4-framework-d021b04\codeigniter4-framework-d021b04\system\Database\BaseBuilder.php(2345): CodeIgniter\Database\BaseConnection->query('INSERT INTO `us...', Array, false)
#4 C:\Users\indro\Downloads\codeigniter4-framework-d021b04\codeigniter4-framework-d021b04\system\Model.php(394): CodeIgniter\Database\BaseBuilder->insert()
#5 C:\Users\indro\Downloads\codeigniter4-framework-d021b04\codeigniter4-framework-d021b04\system\BaseModel.php(843): CodeIgniter\Model->doInsert(Array)
#6 C:\Users\indro\Downloads\codeigniter4-framework-d021b04\codeigniter4-framework-d021b04\system\Model.php(800): CodeIgniter\BaseModel->insert(Array, true)
#7 C:\Users\indro\Downloads\codeigniter4-framework-d021b04\codeigniter4-framework-d021b04\app\Controllers\AuthController.php(89): CodeIgniter\Model->insert(Array)
#8 C:\Users\indro\Downloads\codeigniter4-framework-d021b04\codeigniter4-framework-d021b04\system\CodeIgniter.php(933): App\Controllers\AuthController->registerPost()
#9 C:\Users\indro\Downloads\codeigniter4-framework-d021b04\codeigniter4-framework-d021b04\system\CodeIgniter.php(507): CodeIgniter\CodeIgniter->runController(Object(App\Controllers\AuthController))
#10 C:\Users\indro\Downloads\codeigniter4-framework-d021b04\codeigniter4-framework-d021b04\system\CodeIgniter.php(354): CodeIgniter\CodeIgniter->handleRequest(NULL, Object(Config\Cache), false)
#11 C:\Users\indro\Downloads\codeigniter4-framework-d021b04\codeigniter4-framework-d021b04\system\Boot.php(334): CodeIgniter\CodeIgniter->run()
#12 C:\Users\indro\Downloads\codeigniter4-framework-d021b04\codeigniter4-framework-d021b04\system\Boot.php(67): CodeIgniter\Boot::runCodeIgniter(Object(CodeIgniter\CodeIgniter))
#13 C:\Users\indro\Downloads\codeigniter4-framework-d021b04\codeigniter4-framework-d021b04\public\index.php(59): CodeIgniter\Boot::bootWeb(Object(Config\Paths))
#14 C:\Users\indro\Downloads\codeigniter4-framework-d021b04\codeigniter4-framework-d021b04\system\rewrite.php(44): require_once('C:\\Users\\indro\\...')
#15 {main}
ERROR - 2025-12-02 18:15:34 --> Registration error: Duplicate entry 'admin' for key 'username'
ERROR - 2025-12-02 18:24:40 --> mysqli_sql_exception: Unknown column 'ekskuls.image' in 'field list' in C:\Users\indro\Downloads\codeigniter4-framework-d021b04\codeigniter4-framework-d021b04\system\Database\MySQLi\Connection.php:327
Stack trace:
#0 C:\Users\indro\Downloads\codeigniter4-framework-d021b04\codeigniter4-framework-d021b04\system\Database\MySQLi\Connection.php(327): mysqli->query('SELECT `registr...', 0)
#1 C:\Users\indro\Downloads\codeigniter4-framework-d021b04\codeigniter4-framework-d021b04\system\Database\BaseConnection.php(738): CodeIgniter\Database\MySQLi\Connection->execute('SELECT `registr...')
#2 C:\Users\indro\Downloads\codeigniter4-framework-d021b04\codeigniter4-framework-d021b04\system\Database\BaseConnection.php(652): CodeIgniter\Database\BaseConnection->simpleQuery('SELECT `registr...')
#3 C:\Users\indro\Downloads\codeigniter4-framework-d021b04\codeigniter4-framework-d021b04\system\Database\BaseBuilder.php(1649): CodeIgniter\Database\BaseConnection->query('SELECT `registr...', Array, false)
#4 C:\Users\indro\Downloads\codeigniter4-framework-d021b04\codeigniter4-framework-d021b04\system\Model.php(286): CodeIgniter\Database\BaseBuilder->get()
#5 C:\Users\indro\Downloads\codeigniter4-framework-d021b04\codeigniter4-framework-d021b04\system\BaseModel.php(679): CodeIgniter\Model->doFindAll(0, 0)
#6 C:\Users\indro\Downloads\codeigniter4-framework-d021b04\codeigniter4-framework-d021b04\app\Controllers\DashboardController.php(134): CodeIgniter\BaseModel->findAll()
#7 C:\Users\indro\Downloads\codeigniter4-framework-d021b04\codeigniter4-framework-d021b04\app\Controllers\DashboardController.php(45): App\Controllers\DashboardController->siswaDashboard()
#8 C:\Users\indro\Downloads\codeigniter4-framework-d021b04\codeigniter4-framework-d021b04\system\CodeIgniter.php(933): App\Controllers\DashboardController->index()
#9 C:\Users\indro\Downloads\codeigniter4-framework-d021b04\codeigniter4-framework-d021b04\system\CodeIgniter.php(507): CodeIgniter\CodeIgniter->runController(Object(App\Controllers\DashboardController))
#10 C:\Users\indro\Downloads\codeigniter4-framework-d021b04\codeigniter4-framework-d021b04\system\CodeIgniter.php(354): CodeIgniter\CodeIgniter->handleRequest(NULL, Object(Config\Cache), false)
#11 C:\Users\indro\Downloads\codeigniter4-framework-d021b04\codeigniter4-framework-d021b04\system\Boot.php(334): CodeIgniter\CodeIgniter->run()
#12 C:\Users\indro\Downloads\codeigniter4-framework-d021b04\codeigniter4-framework-d021b04\system\Boot.php(67): CodeIgniter\Boot::runCodeIgniter(Object(CodeIgniter\CodeIgniter))
#13 C:\Users\indro\Downloads\codeigniter4-framework-d021b04\codeigniter4-framework-d021b04\public\index.php(59): CodeIgniter\Boot::bootWeb(Object(Config\Paths))
#14 C:\Users\indro\Downloads\codeigniter4-framework-d021b04\codeigniter4-framework-d021b04\system\rewrite.php(44): require_once('C:\\Users\\indro\\...')
#15 {main}
CRITICAL - 2025-12-02 18:24:40 --> CodeIgniter\Database\Exceptions\DatabaseException: Unknown column 'ekskuls.image' in 'field list'
[Method: GET, Route: dashboard]
in SYSTEMPATH\Database\BaseConnection.php on line 692.
 1 SYSTEMPATH\Database\BaseBuilder.php(1649): CodeIgniter\Database\BaseConnection->query('SELECT `registrations`.*, `ekskuls`.`title`, `ekskuls`.`description`, `ekskuls`.`image`
FROM `registrations`
JOIN `ekskuls` ON `registrations`.`ekskul_id` = `ekskuls`.`id`
WHERE `registrations`.`user_id` = :registrations.user_id:', [...], false)
 2 SYSTEMPATH\Model.php(286): CodeIgniter\Database\BaseBuilder->get()
 3 SYSTEMPATH\BaseModel.php(679): CodeIgniter\Model->doFindAll(0, 0)
 4 APPPATH\Controllers\DashboardController.php(134): CodeIgniter\BaseModel->findAll()
 5 APPPATH\Controllers\DashboardController.php(45): App\Controllers\DashboardController->siswaDashboard()
 6 SYSTEMPATH\CodeIgniter.php(933): App\Controllers\DashboardController->index()
 7 SYSTEMPATH\CodeIgniter.php(507): CodeIgniter\CodeIgniter->runController(Object(App\Controllers\DashboardController))
 8 SYSTEMPATH\CodeIgniter.php(354): CodeIgniter\CodeIgniter->handleRequest(null, Object(Config\Cache), false)
 9 SYSTEMPATH\Boot.php(334): CodeIgniter\CodeIgniter->run()
10 SYSTEMPATH\Boot.php(67): CodeIgniter\Boot::runCodeIgniter(Object(CodeIgniter\CodeIgniter))
11 FCPATH\index.php(59): CodeIgniter\Boot::bootWeb(Object(Config\Paths))
12 SYSTEMPATH\rewrite.php(44): require_once('C:\\Users\\indro\\Downloads\\codeigniter4-framework-d021b04\\codeigniter4-framework-d021b04\\public\\index.php')
CRITICAL - 2025-12-02 18:24:40 --> [Caused by] CodeIgniter\Database\Exceptions\DatabaseException: Unknown column 'ekskuls.image' in 'field list'
in SYSTEMPATH\Database\MySQLi\Connection.php on line 332.
 1 SYSTEMPATH\Database\BaseConnection.php(738): CodeIgniter\Database\MySQLi\Connection->execute('SELECT `registrations`.*, `ekskuls`.`title`, `ekskuls`.`description`, `ekskuls`.`image`
FROM `registrations`
JOIN `ekskuls` ON `registrations`.`ekskul_id` = `ekskuls`.`id`
WHERE `registrations`.`user_id` = \'8\'')
 2 SYSTEMPATH\Database\BaseConnection.php(652): CodeIgniter\Database\BaseConnection->simpleQuery('SELECT `registrations`.*, `ekskuls`.`title`, `ekskuls`.`description`, `ekskuls`.`image`
FROM `registrations`
JOIN `ekskuls` ON `registrations`.`ekskul_id` = `ekskuls`.`id`
WHERE `registrations`.`user_id` = \'8\'')
 3 SYSTEMPATH\Database\BaseBuilder.php(1649): CodeIgniter\Database\BaseConnection->query('SELECT `registrations`.*, `ekskuls`.`title`, `ekskuls`.`description`, `ekskuls`.`image`
FROM `registrations`
JOIN `ekskuls` ON `registrations`.`ekskul_id` = `ekskuls`.`id`
WHERE `registrations`.`user_id` = :registrations.user_id:', [...], false)
 4 SYSTEMPATH\Model.php(286): CodeIgniter\Database\BaseBuilder->get()
 5 SYSTEMPATH\BaseModel.php(679): CodeIgniter\Model->doFindAll(0, 0)
 6 APPPATH\Controllers\DashboardController.php(134): CodeIgniter\BaseModel->findAll()
 7 APPPATH\Controllers\DashboardController.php(45): App\Controllers\DashboardController->siswaDashboard()
 8 SYSTEMPATH\CodeIgniter.php(933): App\Controllers\DashboardController->index()
 9 SYSTEMPATH\CodeIgniter.php(507): CodeIgniter\CodeIgniter->runController(Object(App\Controllers\DashboardController))
10 SYSTEMPATH\CodeIgniter.php(354): CodeIgniter\CodeIgniter->handleRequest(null, Object(Config\Cache), false)
11 SYSTEMPATH\Boot.php(334): CodeIgniter\CodeIgniter->run()
12 SYSTEMPATH\Boot.php(67): CodeIgniter\Boot::runCodeIgniter(Object(CodeIgniter\CodeIgniter))
13 FCPATH\index.php(59): CodeIgniter\Boot::bootWeb(Object(Config\Paths))
14 SYSTEMPATH\rewrite.php(44): require_once('C:\\Users\\indro\\Downloads\\codeigniter4-framework-d021b04\\codeigniter4-framework-d021b04\\public\\index.php')
CRITICAL - 2025-12-02 18:24:40 --> [Caused by] mysqli_sql_exception: Unknown column 'ekskuls.image' in 'field list'
in SYSTEMPATH\Database\MySQLi\Connection.php on line 327.
 1 SYSTEMPATH\Database\MySQLi\Connection.php(327): mysqli->query('SELECT `registrations`.*, `ekskuls`.`title`, `ekskuls`.`description`, `ekskuls`.`image`
FROM `registrations`
JOIN `ekskuls` ON `registrations`.`ekskul_id` = `ekskuls`.`id`
WHERE `registrations`.`user_id` = \'8\'', 0)
 2 SYSTEMPATH\Database\BaseConnection.php(738): CodeIgniter\Database\MySQLi\Connection->execute('SELECT `registrations`.*, `ekskuls`.`title`, `ekskuls`.`description`, `ekskuls`.`image`
FROM `registrations`
JOIN `ekskuls` ON `registrations`.`ekskul_id` = `ekskuls`.`id`
WHERE `registrations`.`user_id` = \'8\'')
 3 SYSTEMPATH\Database\BaseConnection.php(652): CodeIgniter\Database\BaseConnection->simpleQuery('SELECT `registrations`.*, `ekskuls`.`title`, `ekskuls`.`description`, `ekskuls`.`image`
FROM `registrations`
JOIN `ekskuls` ON `registrations`.`ekskul_id` = `ekskuls`.`id`
WHERE `registrations`.`user_id` = \'8\'')
 4 SYSTEMPATH\Database\BaseBuilder.php(1649): CodeIgniter\Database\BaseConnection->query('SELECT `registrations`.*, `ekskuls`.`title`, `ekskuls`.`description`, `ekskuls`.`image`
FROM `registrations`
JOIN `ekskuls` ON `registrations`.`ekskul_id` = `ekskuls`.`id`
WHERE `registrations`.`user_id` = :registrations.user_id:', [...], false)
 5 SYSTEMPATH\Model.php(286): CodeIgniter\Database\BaseBuilder->get()
 6 SYSTEMPATH\BaseModel.php(679): CodeIgniter\Model->doFindAll(0, 0)
 7 APPPATH\Controllers\DashboardController.php(134): CodeIgniter\BaseModel->findAll()
 8 APPPATH\Controllers\DashboardController.php(45): App\Controllers\DashboardController->siswaDashboard()
 9 SYSTEMPATH\CodeIgniter.php(933): App\Controllers\DashboardController->index()
10 SYSTEMPATH\CodeIgniter.php(507): CodeIgniter\CodeIgniter->runController(Object(App\Controllers\DashboardController))
11 SYSTEMPATH\CodeIgniter.php(354): CodeIgniter\CodeIgniter->handleRequest(null, Object(Config\Cache), false)
12 SYSTEMPATH\Boot.php(334): CodeIgniter\CodeIgniter->run()
13 SYSTEMPATH\Boot.php(67): CodeIgniter\Boot::runCodeIgniter(Object(CodeIgniter\CodeIgniter))
14 FCPATH\index.php(59): CodeIgniter\Boot::bootWeb(Object(Config\Paths))
15 SYSTEMPATH\rewrite.php(44): require_once('C:\\Users\\indro\\Downloads\\codeigniter4-framework-d021b04\\codeigniter4-framework-d021b04\\public\\index.php')
ERROR - 2025-12-02 18:24:41 --> mysqli_sql_exception: Unknown column 'ekskuls.image' in 'field list' in C:\Users\indro\Downloads\codeigniter4-framework-d021b04\codeigniter4-framework-d021b04\system\Database\MySQLi\Connection.php:327
Stack trace:
#0 C:\Users\indro\Downloads\codeigniter4-framework-d021b04\codeigniter4-framework-d021b04\system\Database\MySQLi\Connection.php(327): mysqli->query('SELECT `registr...', 0)
#1 C:\Users\indro\Downloads\codeigniter4-framework-d021b04\codeigniter4-framework-d021b04\system\Database\BaseConnection.php(738): CodeIgniter\Database\MySQLi\Connection->execute('SELECT `registr...')
#2 C:\Users\indro\Downloads\codeigniter4-framework-d021b04\codeigniter4-framework-d021b04\system\Database\BaseConnection.php(652): CodeIgniter\Database\BaseConnection->simpleQuery('SELECT `registr...')
#3 C:\Users\indro\Downloads\codeigniter4-framework-d021b04\codeigniter4-framework-d021b04\system\Database\BaseBuilder.php(1649): CodeIgniter\Database\BaseConnection->query('SELECT `registr...', Array, false)
#4 C:\Users\indro\Downloads\codeigniter4-framework-d021b04\codeigniter4-framework-d021b04\system\Model.php(286): CodeIgniter\Database\BaseBuilder->get()
#5 C:\Users\indro\Downloads\codeigniter4-framework-d021b04\codeigniter4-framework-d021b04\system\BaseModel.php(679): CodeIgniter\Model->doFindAll(0, 0)
#6 C:\Users\indro\Downloads\codeigniter4-framework-d021b04\codeigniter4-framework-d021b04\app\Controllers\DashboardController.php(134): CodeIgniter\BaseModel->findAll()
#7 C:\Users\indro\Downloads\codeigniter4-framework-d021b04\codeigniter4-framework-d021b04\app\Controllers\DashboardController.php(45): App\Controllers\DashboardController->siswaDashboard()
#8 C:\Users\indro\Downloads\codeigniter4-framework-d021b04\codeigniter4-framework-d021b04\system\CodeIgniter.php(933): App\Controllers\DashboardController->index()
#9 C:\Users\indro\Downloads\codeigniter4-framework-d021b04\codeigniter4-framework-d021b04\system\CodeIgniter.php(507): CodeIgniter\CodeIgniter->runController(Object(App\Controllers\DashboardController))
#10 C:\Users\indro\Downloads\codeigniter4-framework-d021b04\codeigniter4-framework-d021b04\system\CodeIgniter.php(354): CodeIgniter\CodeIgniter->handleRequest(NULL, Object(Config\Cache), false)
#11 C:\Users\indro\Downloads\codeigniter4-framework-d021b04\codeigniter4-framework-d021b04\system\Boot.php(334): CodeIgniter\CodeIgniter->run()
#12 C:\Users\indro\Downloads\codeigniter4-framework-d021b04\codeigniter4-framework-d021b04\system\Boot.php(67): CodeIgniter\Boot::runCodeIgniter(Object(CodeIgniter\CodeIgniter))
#13 C:\Users\indro\Downloads\codeigniter4-framework-d021b04\codeigniter4-framework-d021b04\public\index.php(59): CodeIgniter\Boot::bootWeb(Object(Config\Paths))
#14 C:\Users\indro\Downloads\codeigniter4-framework-d021b04\codeigniter4-framework-d021b04\system\rewrite.php(44): require_once('C:\\Users\\indro\\...')
#15 {main}
CRITICAL - 2025-12-02 18:24:41 --> CodeIgniter\Database\Exceptions\DatabaseException: Unknown column 'ekskuls.image' in 'field list'
[Method: GET, Route: dashboard]
in SYSTEMPATH\Database\BaseConnection.php on line 692.
 1 SYSTEMPATH\Database\BaseBuilder.php(1649): CodeIgniter\Database\BaseConnection->query('SELECT `registrations`.*, `ekskuls`.`title`, `ekskuls`.`description`, `ekskuls`.`image`
FROM `registrations`
JOIN `ekskuls` ON `registrations`.`ekskul_id` = `ekskuls`.`id`
WHERE `registrations`.`user_id` = :registrations.user_id:', [...], false)
 2 SYSTEMPATH\Model.php(286): CodeIgniter\Database\BaseBuilder->get()
 3 SYSTEMPATH\BaseModel.php(679): CodeIgniter\Model->doFindAll(0, 0)
 4 APPPATH\Controllers\DashboardController.php(134): CodeIgniter\BaseModel->findAll()
 5 APPPATH\Controllers\DashboardController.php(45): App\Controllers\DashboardController->siswaDashboard()
 6 SYSTEMPATH\CodeIgniter.php(933): App\Controllers\DashboardController->index()
 7 SYSTEMPATH\CodeIgniter.php(507): CodeIgniter\CodeIgniter->runController(Object(App\Controllers\DashboardController))
 8 SYSTEMPATH\CodeIgniter.php(354): CodeIgniter\CodeIgniter->handleRequest(null, Object(Config\Cache), false)
 9 SYSTEMPATH\Boot.php(334): CodeIgniter\CodeIgniter->run()
10 SYSTEMPATH\Boot.php(67): CodeIgniter\Boot::runCodeIgniter(Object(CodeIgniter\CodeIgniter))
11 FCPATH\index.php(59): CodeIgniter\Boot::bootWeb(Object(Config\Paths))
12 SYSTEMPATH\rewrite.php(44): require_once('C:\\Users\\indro\\Downloads\\codeigniter4-framework-d021b04\\codeigniter4-framework-d021b04\\public\\index.php')
CRITICAL - 2025-12-02 18:24:41 --> [Caused by] CodeIgniter\Database\Exceptions\DatabaseException: Unknown column 'ekskuls.image' in 'field list'
in SYSTEMPATH\Database\MySQLi\Connection.php on line 332.
 1 SYSTEMPATH\Database\BaseConnection.php(738): CodeIgniter\Database\MySQLi\Connection->execute('SELECT `registrations`.*, `ekskuls`.`title`, `ekskuls`.`description`, `ekskuls`.`image`
FROM `registrations`
JOIN `ekskuls` ON `registrations`.`ekskul_id` = `ekskuls`.`id`
WHERE `registrations`.`user_id` = \'8\'')
 2 SYSTEMPATH\Database\BaseConnection.php(652): CodeIgniter\Database\BaseConnection->simpleQuery('SELECT `registrations`.*, `ekskuls`.`title`, `ekskuls`.`description`, `ekskuls`.`image`
FROM `registrations`
JOIN `ekskuls` ON `registrations`.`ekskul_id` = `ekskuls`.`id`
WHERE `registrations`.`user_id` = \'8\'')
 3 SYSTEMPATH\Database\BaseBuilder.php(1649): CodeIgniter\Database\BaseConnection->query('SELECT `registrations`.*, `ekskuls`.`title`, `ekskuls`.`description`, `ekskuls`.`image`
FROM `registrations`
JOIN `ekskuls` ON `registrations`.`ekskul_id` = `ekskuls`.`id`
WHERE `registrations`.`user_id` = :registrations.user_id:', [...], false)
 4 SYSTEMPATH\Model.php(286): CodeIgniter\Database\BaseBuilder->get()
 5 SYSTEMPATH\BaseModel.php(679): CodeIgniter\Model->doFindAll(0, 0)
 6 APPPATH\Controllers\DashboardController.php(134): CodeIgniter\BaseModel->findAll()
 7 APPPATH\Controllers\DashboardController.php(45): App\Controllers\DashboardController->siswaDashboard()
 8 SYSTEMPATH\CodeIgniter.php(933): App\Controllers\DashboardController->index()
 9 SYSTEMPATH\CodeIgniter.php(507): CodeIgniter\CodeIgniter->runController(Object(App\Controllers\DashboardController))
10 SYSTEMPATH\CodeIgniter.php(354): CodeIgniter\CodeIgniter->handleRequest(null, Object(Config\Cache), false)
11 SYSTEMPATH\Boot.php(334): CodeIgniter\CodeIgniter->run()
12 SYSTEMPATH\Boot.php(67): CodeIgniter\Boot::runCodeIgniter(Object(CodeIgniter\CodeIgniter))
13 FCPATH\index.php(59): CodeIgniter\Boot::bootWeb(Object(Config\Paths))
14 SYSTEMPATH\rewrite.php(44): require_once('C:\\Users\\indro\\Downloads\\codeigniter4-framework-d021b04\\codeigniter4-framework-d021b04\\public\\index.php')
CRITICAL - 2025-12-02 18:24:41 --> [Caused by] mysqli_sql_exception: Unknown column 'ekskuls.image' in 'field list'
in SYSTEMPATH\Database\MySQLi\Connection.php on line 327.
 1 SYSTEMPATH\Database\MySQLi\Connection.php(327): mysqli->query('SELECT `registrations`.*, `ekskuls`.`title`, `ekskuls`.`description`, `ekskuls`.`image`
FROM `registrations`
JOIN `ekskuls` ON `registrations`.`ekskul_id` = `ekskuls`.`id`
WHERE `registrations`.`user_id` = \'8\'', 0)
 2 SYSTEMPATH\Database\BaseConnection.php(738): CodeIgniter\Database\MySQLi\Connection->execute('SELECT `registrations`.*, `ekskuls`.`title`, `ekskuls`.`description`, `ekskuls`.`image`
FROM `registrations`
JOIN `ekskuls` ON `registrations`.`ekskul_id` = `ekskuls`.`id`
WHERE `registrations`.`user_id` = \'8\'')
 3 SYSTEMPATH\Database\BaseConnection.php(652): CodeIgniter\Database\BaseConnection->simpleQuery('SELECT `registrations`.*, `ekskuls`.`title`, `ekskuls`.`description`, `ekskuls`.`image`
FROM `registrations`
JOIN `ekskuls` ON `registrations`.`ekskul_id` = `ekskuls`.`id`
WHERE `registrations`.`user_id` = \'8\'')
 4 SYSTEMPATH\Database\BaseBuilder.php(1649): CodeIgniter\Database\BaseConnection->query('SELECT `registrations`.*, `ekskuls`.`title`, `ekskuls`.`description`, `ekskuls`.`image`
FROM `registrations`
JOIN `ekskuls` ON `registrations`.`ekskul_id` = `ekskuls`.`id`
WHERE `registrations`.`user_id` = :registrations.user_id:', [...], false)
 5 SYSTEMPATH\Model.php(286): CodeIgniter\Database\BaseBuilder->get()
 6 SYSTEMPATH\BaseModel.php(679): CodeIgniter\Model->doFindAll(0, 0)
 7 APPPATH\Controllers\DashboardController.php(134): CodeIgniter\BaseModel->findAll()
 8 APPPATH\Controllers\DashboardController.php(45): App\Controllers\DashboardController->siswaDashboard()
 9 SYSTEMPATH\CodeIgniter.php(933): App\Controllers\DashboardController->index()
10 SYSTEMPATH\CodeIgniter.php(507): CodeIgniter\CodeIgniter->runController(Object(App\Controllers\DashboardController))
11 SYSTEMPATH\CodeIgniter.php(354): CodeIgniter\CodeIgniter->handleRequest(null, Object(Config\Cache), false)
12 SYSTEMPATH\Boot.php(334): CodeIgniter\CodeIgniter->run()
13 SYSTEMPATH\Boot.php(67): CodeIgniter\Boot::runCodeIgniter(Object(CodeIgniter\CodeIgniter))
14 FCPATH\index.php(59): CodeIgniter\Boot::bootWeb(Object(Config\Paths))
15 SYSTEMPATH\rewrite.php(44): require_once('C:\\Users\\indro\\Downloads\\codeigniter4-framework-d021b04\\codeigniter4-framework-d021b04\\public\\index.php')
